info: Server started at http://localhost:3000/api/v1/ {"timestamp":"2023-09-14T06:36:24.631Z"}
info: Server started at http://localhost:3000/api/v1/ {"timestamp":"2023-09-14T06:36:40.986Z"}
info: Server started at http://localhost:3000/api/v1/ {"timestamp":"2023-09-14T06:37:18.308Z"}
info: Server started at http://localhost:3000/api/v1/ {"timestamp":"2023-09-14T06:38:32.156Z"}
info: Server started at http://localhost:3000/api/v1/ {"timestamp":"2023-09-14T06:39:56.162Z"}
error: 
    status - 500 
    message - SyntaxError: Unexpected string in JSON at position 35
    at JSON.parse (<anonymous>)
    at parse (/home/user/CFPWorkSpace/doctAppication/docApp/node_modules/body-parser/lib/types/json.js:89:19)
    at /home/user/CFPWorkSpace/doctAppication/docApp/node_modules/body-parser/lib/read.js:128:18
    at AsyncResource.runInAsyncScope (node:async_hooks:203:9)
    at invokeCallback (/home/user/CFPWorkSpace/doctAppication/docApp/node_modules/raw-body/index.js:231:16)
    at done (/home/user/CFPWorkSpace/doctAppication/docApp/node_modules/raw-body/index.js:220:7)
    at IncomingMessage.onEnd (/home/user/CFPWorkSpace/doctAppication/docApp/node_modules/raw-body/index.js:280:7)
    at IncomingMessage.emit (node:events:525:35)
    at IncomingMessage.emit (node:domain:489:12)
    at endReadableNT (node:internal/streams/readable:1358:12)
    at processTicksAndRejections (node:internal/process/task_queues:83:21) 
    url - /api/v1/doctor 
    method - POST 
    IP - ::ffff:127.0.0.1
   {"timestamp":"2023-09-14T06:42:18.825Z"}
info: Server started at http://localhost:3000/api/v1/ {"timestamp":"2023-09-14T06:43:23.556Z"}
info: Server started at http://localhost:3000/api/v1/ {"timestamp":"2023-09-14T06:43:51.880Z"}
info: Server started at http://localhost:3000/api/v1/ {"timestamp":"2023-09-14T06:44:47.559Z"}
info: Server started at http://localhost:3000/api/v1/ {"timestamp":"2023-09-14T06:45:28.351Z"}
info: Server started at http://localhost:3000/api/v1/ {"timestamp":"2023-09-14T06:46:34.079Z"}
info: Server started at http://localhost:3000/api/v1/ {"timestamp":"2023-09-14T06:47:41.209Z"}
info: Server started at http://localhost:3000/api/v1/ {"timestamp":"2023-09-14T06:48:33.236Z"}
info: Server started at http://localhost:3000/api/v1/ {"timestamp":"2023-09-14T06:49:00.087Z"}
info: Server started at http://localhost:3000/api/v1/ {"timestamp":"2023-09-14T06:49:20.378Z"}
