info: Server started at http://localhost:3000/api/v1/ {"timestamp":"2023-09-11T12:06:16.129Z"}
error: Could not connect to the database. Invalid connection string {"name":"MongoParseError","stack":"MongoParseError: Invalid connection string\n    at parseConnectionString (/home/user/CFPWorkSpace/doctAppication/docApp/node_modules/mongodb/lib/core/uri_parser.js:585:21)\n    at connect (/home/user/CFPWorkSpace/doctAppication/docApp/node_modules/mongodb/lib/operations/connect.js:283:3)\n    at /home/user/CFPWorkSpace/doctAppication/docApp/node_modules/mongodb/lib/mongo_client.js:284:5\n    at maybePromise (/home/user/CFPWorkSpace/doctAppication/docApp/node_modules/mongodb/lib/utils.js:692:3)\n    at MongoClient.connect (/home/user/CFPWorkSpace/doctAppication/docApp/node_modules/mongodb/lib/mongo_client.js:280:10)\n    at /home/user/CFPWorkSpace/doctAppication/docApp/node_modules/mongoose/lib/connection.js:836:12\n    at new Promise (<anonymous>)\n    at NativeConnection.Connection.openUri (/home/user/CFPWorkSpace/doctAppication/docApp/node_modules/mongoose/lib/connection.js:832:19)\n    at /home/user/CFPWorkSpace/doctAppication/docApp/node_modules/mongoose/lib/index.js:351:10\n    at /home/user/CFPWorkSpace/doctAppication/docApp/node_modules/mongoose/lib/helpers/promiseOrCallback.js:32:5\n    at new Promise (<anonymous>)\n    at promiseOrCallback (/home/user/CFPWorkSpace/doctAppication/docApp/node_modules/mongoose/lib/helpers/promiseOrCallback.js:31:10)\n    at Mongoose._promiseOrCallback (/home/user/CFPWorkSpace/doctAppication/docApp/node_modules/mongoose/lib/index.js:1149:10)\n    at Mongoose.connect (/home/user/CFPWorkSpace/doctAppication/docApp/node_modules/mongoose/lib/index.js:350:20)\n    at _callee$ (/home/user/CFPWorkSpace/doctAppication/docApp/src/config/database.js:12:20)\n    at tryCatch (/home/user/CFPWorkSpace/doctAppication/docApp/node_modules/@babel/runtime/helpers/regeneratorRuntime.js:45:16)\n    at Generator.<anonymous> (/home/user/CFPWorkSpace/doctAppication/docApp/node_modules/@babel/runtime/helpers/regeneratorRuntime.js:133:17)\n    at Generator.next (/home/user/CFPWorkSpace/doctAppication/docApp/node_modules/@babel/runtime/helpers/regeneratorRuntime.js:74:21)\n    at asyncGeneratorStep (/home/user/CFPWorkSpace/doctAppication/docApp/node_modules/@babel/runtime/helpers/asyncToGenerator.js:3:24)\n    at _next (/home/user/CFPWorkSpace/doctAppication/docApp/node_modules/@babel/runtime/helpers/asyncToGenerator.js:22:9)\n    at /home/user/CFPWorkSpace/doctAppication/docApp/node_modules/@babel/runtime/helpers/asyncToGenerator.js:27:7\n    at new Promise (<anonymous>)\n    at apply (/home/user/CFPWorkSpace/doctAppication/docApp/node_modules/@babel/runtime/helpers/asyncToGenerator.js:19:12)\n    at database (/home/user/CFPWorkSpace/doctAppication/docApp/src/config/database.js:22:2)\n    at Object.<anonymous> (/home/user/CFPWorkSpace/doctAppication/docApp/src/index.js:30:9)\n    at Module._compile (node:internal/modules/cjs/loader:1198:14)\n    at Module._compile (/home/user/CFPWorkSpace/doctAppication/docApp/node_modules/pirates/lib/index.js:117:24)\n    at Module._extensions..js (node:internal/modules/cjs/loader:1252:10)\n    at Object.newLoader [as .js] (/home/user/CFPWorkSpace/doctAppication/docApp/node_modules/pirates/lib/index.js:121:7)\n    at Module.load (node:internal/modules/cjs/loader:1076:32)\n    at Function.Module._load (node:internal/modules/cjs/loader:911:12)\n    at Function.runMain (node:internal/modules/run_main:81:12)\n    at Object.<anonymous> (/home/user/CFPWorkSpace/doctAppication/docApp/node_modules/@babel/node/src/_babel-node.ts:222:12)\n    at Module._compile (node:internal/modules/cjs/loader:1198:14)\n    at Object.Module._extensions..js (node:internal/modules/cjs/loader:1252:10)\n    at Module.load (node:internal/modules/cjs/loader:1076:32)\n    at Function.Module._load (node:internal/modules/cjs/loader:911:12)\n    at Function.executeUserEntryPoint [as runMain] (node:internal/modules/run_main:81:12)\n    at node:internal/main/run_main_module:22:47","timestamp":"2023-09-11T12:06:16.134Z"}
info: Server started at http://localhost:3000/api/v1/ {"timestamp":"2023-09-11T12:06:41.822Z"}
error: Could not connect to the database. Invalid connection string {"name":"MongoParseError","stack":"MongoParseError: Invalid connection string\n    at parseConnectionString (/home/user/CFPWorkSpace/doctAppication/docApp/node_modules/mongodb/lib/core/uri_parser.js:585:21)\n    at connect (/home/user/CFPWorkSpace/doctAppication/docApp/node_modules/mongodb/lib/operations/connect.js:283:3)\n    at /home/user/CFPWorkSpace/doctAppication/docApp/node_modules/mongodb/lib/mongo_client.js:284:5\n    at maybePromise (/home/user/CFPWorkSpace/doctAppication/docApp/node_modules/mongodb/lib/utils.js:692:3)\n    at MongoClient.connect (/home/user/CFPWorkSpace/doctAppication/docApp/node_modules/mongodb/lib/mongo_client.js:280:10)\n    at /home/user/CFPWorkSpace/doctAppication/docApp/node_modules/mongoose/lib/connection.js:836:12\n    at new Promise (<anonymous>)\n    at NativeConnection.Connection.openUri (/home/user/CFPWorkSpace/doctAppication/docApp/node_modules/mongoose/lib/connection.js:832:19)\n    at /home/user/CFPWorkSpace/doctAppication/docApp/node_modules/mongoose/lib/index.js:351:10\n    at /home/user/CFPWorkSpace/doctAppication/docApp/node_modules/mongoose/lib/helpers/promiseOrCallback.js:32:5\n    at new Promise (<anonymous>)\n    at promiseOrCallback (/home/user/CFPWorkSpace/doctAppication/docApp/node_modules/mongoose/lib/helpers/promiseOrCallback.js:31:10)\n    at Mongoose._promiseOrCallback (/home/user/CFPWorkSpace/doctAppication/docApp/node_modules/mongoose/lib/index.js:1149:10)\n    at Mongoose.connect (/home/user/CFPWorkSpace/doctAppication/docApp/node_modules/mongoose/lib/index.js:350:20)\n    at _callee$ (/home/user/CFPWorkSpace/doctAppication/docApp/src/config/database.js:12:20)\n    at tryCatch (/home/user/CFPWorkSpace/doctAppication/docApp/node_modules/@babel/runtime/helpers/regeneratorRuntime.js:45:16)\n    at Generator.<anonymous> (/home/user/CFPWorkSpace/doctAppication/docApp/node_modules/@babel/runtime/helpers/regeneratorRuntime.js:133:17)\n    at Generator.next (/home/user/CFPWorkSpace/doctAppication/docApp/node_modules/@babel/runtime/helpers/regeneratorRuntime.js:74:21)\n    at asyncGeneratorStep (/home/user/CFPWorkSpace/doctAppication/docApp/node_modules/@babel/runtime/helpers/asyncToGenerator.js:3:24)\n    at _next (/home/user/CFPWorkSpace/doctAppication/docApp/node_modules/@babel/runtime/helpers/asyncToGenerator.js:22:9)\n    at /home/user/CFPWorkSpace/doctAppication/docApp/node_modules/@babel/runtime/helpers/asyncToGenerator.js:27:7\n    at new Promise (<anonymous>)\n    at apply (/home/user/CFPWorkSpace/doctAppication/docApp/node_modules/@babel/runtime/helpers/asyncToGenerator.js:19:12)\n    at database (/home/user/CFPWorkSpace/doctAppication/docApp/src/config/database.js:22:2)\n    at Object.<anonymous> (/home/user/CFPWorkSpace/doctAppication/docApp/src/index.js:30:9)\n    at Module._compile (node:internal/modules/cjs/loader:1198:14)\n    at Module._compile (/home/user/CFPWorkSpace/doctAppication/docApp/node_modules/pirates/lib/index.js:117:24)\n    at Module._extensions..js (node:internal/modules/cjs/loader:1252:10)\n    at Object.newLoader [as .js] (/home/user/CFPWorkSpace/doctAppication/docApp/node_modules/pirates/lib/index.js:121:7)\n    at Module.load (node:internal/modules/cjs/loader:1076:32)\n    at Function.Module._load (node:internal/modules/cjs/loader:911:12)\n    at Function.runMain (node:internal/modules/run_main:81:12)\n    at Object.<anonymous> (/home/user/CFPWorkSpace/doctAppication/docApp/node_modules/@babel/node/src/_babel-node.ts:222:12)\n    at Module._compile (node:internal/modules/cjs/loader:1198:14)\n    at Object.Module._extensions..js (node:internal/modules/cjs/loader:1252:10)\n    at Module.load (node:internal/modules/cjs/loader:1076:32)\n    at Function.Module._load (node:internal/modules/cjs/loader:911:12)\n    at Function.executeUserEntryPoint [as runMain] (node:internal/modules/run_main:81:12)\n    at node:internal/main/run_main_module:22:47","timestamp":"2023-09-11T12:06:41.828Z"}
error: uncaughtException: database is not defined
ReferenceError: database is not defined
    at Object.<anonymous> (/home/user/CFPWorkSpace/doctAppication/docApp/src/index.js:30:1)
    at Module._compile (node:internal/modules/cjs/loader:1198:14)
    at Module._compile (/home/user/CFPWorkSpace/doctAppication/docApp/node_modules/pirates/lib/index.js:117:24)
    at Module._extensions..js (node:internal/modules/cjs/loader:1252:10)
    at Object.newLoader [as .js] (/home/user/CFPWorkSpace/doctAppication/docApp/node_modules/pirates/lib/index.js:121:7)
    at Module.load (node:internal/modules/cjs/loader:1076:32)
    at Function.Module._load (node:internal/modules/cjs/loader:911:12)
    at Function.runMain (node:internal/modules/run_main:81:12)
    at Object.<anonymous> (/home/user/CFPWorkSpace/doctAppication/docApp/node_modules/@babel/node/src/_babel-node.ts:222:12)
    at Module._compile (node:internal/modules/cjs/loader:1198:14)
    at Object.Module._extensions..js (node:internal/modules/cjs/loader:1252:10)
    at Module.load (node:internal/modules/cjs/loader:1076:32)
    at Function.Module._load (node:internal/modules/cjs/loader:911:12)
    at Function.executeUserEntryPoint [as runMain] (node:internal/modules/run_main:81:12)
    at node:internal/main/run_main_module:22:47 {"date":"Mon Sep 11 2023 17:37:09 GMT+0530 (India Standard Time)","error":{},"exception":true,"os":{"loadavg":[0.93,1.17,1.41],"uptime":25001.91},"process":{"argv":["node","/home/user/CFPWorkSpace/doctAppication/docApp/src/index.js"],"cwd":"/home/user/CFPWorkSpace/doctAppication/docApp","execPath":"/usr/bin/node","gid":1000,"memoryUsage":{"arrayBuffers":1037488,"external":5878142,"heapTotal":81629184,"heapUsed":61782696,"rss":135168000},"pid":11360,"uid":1000,"version":"v16.20.2"},"stack":"ReferenceError: database is not defined\n    at Object.<anonymous> (/home/user/CFPWorkSpace/doctAppication/docApp/src/index.js:30:1)\n    at Module._compile (node:internal/modules/cjs/loader:1198:14)\n    at Module._compile (/home/user/CFPWorkSpace/doctAppication/docApp/node_modules/pirates/lib/index.js:117:24)\n    at Module._extensions..js (node:internal/modules/cjs/loader:1252:10)\n    at Object.newLoader [as .js] (/home/user/CFPWorkSpace/doctAppication/docApp/node_modules/pirates/lib/index.js:121:7)\n    at Module.load (node:internal/modules/cjs/loader:1076:32)\n    at Function.Module._load (node:internal/modules/cjs/loader:911:12)\n    at Function.runMain (node:internal/modules/run_main:81:12)\n    at Object.<anonymous> (/home/user/CFPWorkSpace/doctAppication/docApp/node_modules/@babel/node/src/_babel-node.ts:222:12)\n    at Module._compile (node:internal/modules/cjs/loader:1198:14)\n    at Object.Module._extensions..js (node:internal/modules/cjs/loader:1252:10)\n    at Module.load (node:internal/modules/cjs/loader:1076:32)\n    at Function.Module._load (node:internal/modules/cjs/loader:911:12)\n    at Function.executeUserEntryPoint [as runMain] (node:internal/modules/run_main:81:12)\n    at node:internal/main/run_main_module:22:47","timestamp":"2023-09-11T12:07:09.888Z","trace":[{"column":1,"file":"/home/user/CFPWorkSpace/doctAppication/docApp/src/index.js","function":null,"line":30,"method":null,"native":false},{"column":14,"file":"node:internal/modules/cjs/loader","function":"Module._compile","line":1198,"method":"_compile","native":false},{"column":24,"file":"/home/user/CFPWorkSpace/doctAppication/docApp/node_modules/pirates/lib/index.js","function":"Module._compile","line":117,"method":"_compile","native":false},{"column":10,"file":"node:internal/modules/cjs/loader","function":"Module._extensions..js","line":1252,"method":".js","native":false},{"column":7,"file":"/home/user/CFPWorkSpace/doctAppication/docApp/node_modules/pirates/lib/index.js","function":"Object.newLoader [as .js]","line":121,"method":"js]","native":false},{"column":32,"file":"node:internal/modules/cjs/loader","function":"Module.load","line":1076,"method":"load","native":false},{"column":12,"file":"node:internal/modules/cjs/loader","function":"Module._load","line":911,"method":"_load","native":false},{"column":12,"file":"node:internal/modules/run_main","function":"Function.runMain","line":81,"method":"runMain","native":false},{"column":12,"file":"/home/user/CFPWorkSpace/doctAppication/docApp/node_modules/@babel/node/src/_babel-node.ts","function":null,"line":222,"method":null,"native":false},{"column":14,"file":"node:internal/modules/cjs/loader","function":"Module._compile","line":1198,"method":"_compile","native":false},{"column":10,"file":"node:internal/modules/cjs/loader","function":"Module._extensions..js","line":1252,"method":".js","native":false},{"column":32,"file":"node:internal/modules/cjs/loader","function":"Module.load","line":1076,"method":"load","native":false},{"column":12,"file":"node:internal/modules/cjs/loader","function":"Module._load","line":911,"method":"_load","native":false},{"column":12,"file":"node:internal/modules/run_main","function":"Function.executeUserEntryPoint [as runMain]","line":81,"method":"executeUserEntryPoint [as runMain]","native":false},{"column":47,"file":"node:internal/main/run_main_module","function":null,"line":22,"method":null,"native":false}]}
info: Server started at http://localhost:3000/api/v1/ {"timestamp":"2023-09-11T12:07:15.553Z"}
info: Server started at http://localhost:3000/api/v1/ {"timestamp":"2023-09-11T12:07:30.245Z"}
info: Server started at http://localhost:3000/api/v1/ {"timestamp":"2023-09-11T12:11:57.103Z"}
info: Server started at http://localhost:3000/api/v1/ {"timestamp":"2023-09-12T10:24:38.134Z"}
info: Server started at http://localhost:3000/api/v1/ {"timestamp":"2023-09-12T10:24:55.740Z"}
info: Server started at http://localhost:3000/api/v1/ {"timestamp":"2023-09-12T10:53:32.319Z"}
info: Server started at http://localhost:3000/api/v1/ {"timestamp":"2023-09-13T05:27:05.442Z"}
info: Server started at http://localhost:3000/api/v1/ {"timestamp":"2023-09-13T05:28:02.048Z"}
error: uncaughtException: hospital is not defined
ReferenceError: hospital is not defined
    at routes (/home/user/CFPWorkSpace/doctAppication/docApp/src/routes/index.js:16:27)
    at Object.<anonymous> (/home/user/CFPWorkSpace/doctAppication/docApp/src/index.js:32:38)
    at Module._compile (node:internal/modules/cjs/loader:1198:14)
    at Module._compile (/home/user/CFPWorkSpace/doctAppication/docApp/node_modules/pirates/lib/index.js:117:24)
    at Module._extensions..js (node:internal/modules/cjs/loader:1252:10)
    at Object.newLoader [as .js] (/home/user/CFPWorkSpace/doctAppication/docApp/node_modules/pirates/lib/index.js:121:7)
    at Module.load (node:internal/modules/cjs/loader:1076:32)
    at Function.Module._load (node:internal/modules/cjs/loader:911:12)
    at Function.runMain (node:internal/modules/run_main:81:12)
    at Object.<anonymous> (/home/user/CFPWorkSpace/doctAppication/docApp/node_modules/@babel/node/src/_babel-node.ts:222:12)
    at Module._compile (node:internal/modules/cjs/loader:1198:14)
    at Object.Module._extensions..js (node:internal/modules/cjs/loader:1252:10)
    at Module.load (node:internal/modules/cjs/loader:1076:32)
    at Function.Module._load (node:internal/modules/cjs/loader:911:12)
    at Function.executeUserEntryPoint [as runMain] (node:internal/modules/run_main:81:12)
    at node:internal/main/run_main_module:22:47 {"date":"Wed Sep 13 2023 10:58:33 GMT+0530 (India Standard Time)","error":{},"exception":true,"os":{"loadavg":[0.58,0.46,1],"uptime":173884.65},"process":{"argv":["node","/home/user/CFPWorkSpace/doctAppication/docApp/src/index.js"],"cwd":"/home/user/CFPWorkSpace/doctAppication/docApp","execPath":"/usr/bin/node","gid":1000,"memoryUsage":{"arrayBuffers":713601,"external":6458902,"heapTotal":85561344,"heapUsed":58217928,"rss":139034624},"pid":35204,"uid":1000,"version":"v16.20.2"},"stack":"ReferenceError: hospital is not defined\n    at routes (/home/user/CFPWorkSpace/doctAppication/docApp/src/routes/index.js:16:27)\n    at Object.<anonymous> (/home/user/CFPWorkSpace/doctAppication/docApp/src/index.js:32:38)\n    at Module._compile (node:internal/modules/cjs/loader:1198:14)\n    at Module._compile (/home/user/CFPWorkSpace/doctAppication/docApp/node_modules/pirates/lib/index.js:117:24)\n    at Module._extensions..js (node:internal/modules/cjs/loader:1252:10)\n    at Object.newLoader [as .js] (/home/user/CFPWorkSpace/doctAppication/docApp/node_modules/pirates/lib/index.js:121:7)\n    at Module.load (node:internal/modules/cjs/loader:1076:32)\n    at Function.Module._load (node:internal/modules/cjs/loader:911:12)\n    at Function.runMain (node:internal/modules/run_main:81:12)\n    at Object.<anonymous> (/home/user/CFPWorkSpace/doctAppication/docApp/node_modules/@babel/node/src/_babel-node.ts:222:12)\n    at Module._compile (node:internal/modules/cjs/loader:1198:14)\n    at Object.Module._extensions..js (node:internal/modules/cjs/loader:1252:10)\n    at Module.load (node:internal/modules/cjs/loader:1076:32)\n    at Function.Module._load (node:internal/modules/cjs/loader:911:12)\n    at Function.executeUserEntryPoint [as runMain] (node:internal/modules/run_main:81:12)\n    at node:internal/main/run_main_module:22:47","timestamp":"2023-09-13T05:28:33.308Z","trace":[{"column":27,"file":"/home/user/CFPWorkSpace/doctAppication/docApp/src/routes/index.js","function":"routes","line":16,"method":null,"native":false},{"column":38,"file":"/home/user/CFPWorkSpace/doctAppication/docApp/src/index.js","function":null,"line":32,"method":null,"native":false},{"column":14,"file":"node:internal/modules/cjs/loader","function":"Module._compile","line":1198,"method":"_compile","native":false},{"column":24,"file":"/home/user/CFPWorkSpace/doctAppication/docApp/node_modules/pirates/lib/index.js","function":"Module._compile","line":117,"method":"_compile","native":false},{"column":10,"file":"node:internal/modules/cjs/loader","function":"Module._extensions..js","line":1252,"method":".js","native":false},{"column":7,"file":"/home/user/CFPWorkSpace/doctAppication/docApp/node_modules/pirates/lib/index.js","function":"Object.newLoader [as .js]","line":121,"method":"js]","native":false},{"column":32,"file":"node:internal/modules/cjs/loader","function":"Module.load","line":1076,"method":"load","native":false},{"column":12,"file":"node:internal/modules/cjs/loader","function":"Module._load","line":911,"method":"_load","native":false},{"column":12,"file":"node:internal/modules/run_main","function":"Function.runMain","line":81,"method":"runMain","native":false},{"column":12,"file":"/home/user/CFPWorkSpace/doctAppication/docApp/node_modules/@babel/node/src/_babel-node.ts","function":null,"line":222,"method":null,"native":false},{"column":14,"file":"node:internal/modules/cjs/loader","function":"Module._compile","line":1198,"method":"_compile","native":false},{"column":10,"file":"node:internal/modules/cjs/loader","function":"Module._extensions..js","line":1252,"method":".js","native":false},{"column":32,"file":"node:internal/modules/cjs/loader","function":"Module.load","line":1076,"method":"load","native":false},{"column":12,"file":"node:internal/modules/cjs/loader","function":"Module._load","line":911,"method":"_load","native":false},{"column":12,"file":"node:internal/modules/run_main","function":"Function.executeUserEntryPoint [as runMain]","line":81,"method":"executeUserEntryPoint [as runMain]","native":false},{"column":47,"file":"node:internal/main/run_main_module","function":null,"line":22,"method":null,"native":false}]}
info: Server started at http://localhost:3000/api/v1/ {"timestamp":"2023-09-13T05:29:06.997Z"}
info: Server started at http://localhost:3000/api/v1/ {"timestamp":"2023-09-13T10:57:56.137Z"}
info: Server started at http://localhost:3000/api/v1/ {"timestamp":"2023-09-13T10:59:40.812Z"}
info: Server started at http://localhost:3000/api/v1/ {"timestamp":"2023-09-13T11:30:11.567Z"}
info: Server started at http://localhost:3000/api/v1/ {"timestamp":"2023-09-13T11:30:24.552Z"}
error: uncaughtException: doctorRoute is not defined
ReferenceError: doctorRoute is not defined
    at routes (/home/user/CFPWorkSpace/doctAppication/docApp/src/routes/index.js:17:25)
    at Object.<anonymous> (/home/user/CFPWorkSpace/doctAppication/docApp/src/index.js:32:38)
    at Module._compile (node:internal/modules/cjs/loader:1198:14)
    at Module._compile (/home/user/CFPWorkSpace/doctAppication/docApp/node_modules/pirates/lib/index.js:117:24)
    at Module._extensions..js (node:internal/modules/cjs/loader:1252:10)
    at Object.newLoader [as .js] (/home/user/CFPWorkSpace/doctAppication/docApp/node_modules/pirates/lib/index.js:121:7)
    at Module.load (node:internal/modules/cjs/loader:1076:32)
    at Function.Module._load (node:internal/modules/cjs/loader:911:12)
    at Function.runMain (node:internal/modules/run_main:81:12)
    at Object.<anonymous> (/home/user/CFPWorkSpace/doctAppication/docApp/node_modules/@babel/node/src/_babel-node.ts:222:12)
    at Module._compile (node:internal/modules/cjs/loader:1198:14)
    at Object.Module._extensions..js (node:internal/modules/cjs/loader:1252:10)
    at Module.load (node:internal/modules/cjs/loader:1076:32)
    at Function.Module._load (node:internal/modules/cjs/loader:911:12)
    at Function.executeUserEntryPoint [as runMain] (node:internal/modules/run_main:81:12)
    at node:internal/main/run_main_module:22:47 {"date":"Wed Sep 13 2023 17:01:06 GMT+0530 (India Standard Time)","error":{},"exception":true,"os":{"loadavg":[0.94,0.41,0.35],"uptime":195636.7},"process":{"argv":["node","/home/user/CFPWorkSpace/doctAppication/docApp/src/index.js"],"cwd":"/home/user/CFPWorkSpace/doctAppication/docApp","execPath":"/usr/bin/node","gid":1000,"memoryUsage":{"arrayBuffers":721793,"external":6459002,"heapTotal":85561344,"heapUsed":58598664,"rss":139628544},"pid":41407,"uid":1000,"version":"v16.20.2"},"stack":"ReferenceError: doctorRoute is not defined\n    at routes (/home/user/CFPWorkSpace/doctAppication/docApp/src/routes/index.js:17:25)\n    at Object.<anonymous> (/home/user/CFPWorkSpace/doctAppication/docApp/src/index.js:32:38)\n    at Module._compile (node:internal/modules/cjs/loader:1198:14)\n    at Module._compile (/home/user/CFPWorkSpace/doctAppication/docApp/node_modules/pirates/lib/index.js:117:24)\n    at Module._extensions..js (node:internal/modules/cjs/loader:1252:10)\n    at Object.newLoader [as .js] (/home/user/CFPWorkSpace/doctAppication/docApp/node_modules/pirates/lib/index.js:121:7)\n    at Module.load (node:internal/modules/cjs/loader:1076:32)\n    at Function.Module._load (node:internal/modules/cjs/loader:911:12)\n    at Function.runMain (node:internal/modules/run_main:81:12)\n    at Object.<anonymous> (/home/user/CFPWorkSpace/doctAppication/docApp/node_modules/@babel/node/src/_babel-node.ts:222:12)\n    at Module._compile (node:internal/modules/cjs/loader:1198:14)\n    at Object.Module._extensions..js (node:internal/modules/cjs/loader:1252:10)\n    at Module.load (node:internal/modules/cjs/loader:1076:32)\n    at Function.Module._load (node:internal/modules/cjs/loader:911:12)\n    at Function.executeUserEntryPoint [as runMain] (node:internal/modules/run_main:81:12)\n    at node:internal/main/run_main_module:22:47","timestamp":"2023-09-13T11:31:06.166Z","trace":[{"column":25,"file":"/home/user/CFPWorkSpace/doctAppication/docApp/src/routes/index.js","function":"routes","line":17,"method":null,"native":false},{"column":38,"file":"/home/user/CFPWorkSpace/doctAppication/docApp/src/index.js","function":null,"line":32,"method":null,"native":false},{"column":14,"file":"node:internal/modules/cjs/loader","function":"Module._compile","line":1198,"method":"_compile","native":false},{"column":24,"file":"/home/user/CFPWorkSpace/doctAppication/docApp/node_modules/pirates/lib/index.js","function":"Module._compile","line":117,"method":"_compile","native":false},{"column":10,"file":"node:internal/modules/cjs/loader","function":"Module._extensions..js","line":1252,"method":".js","native":false},{"column":7,"file":"/home/user/CFPWorkSpace/doctAppication/docApp/node_modules/pirates/lib/index.js","function":"Object.newLoader [as .js]","line":121,"method":"js]","native":false},{"column":32,"file":"node:internal/modules/cjs/loader","function":"Module.load","line":1076,"method":"load","native":false},{"column":12,"file":"node:internal/modules/cjs/loader","function":"Module._load","line":911,"method":"_load","native":false},{"column":12,"file":"node:internal/modules/run_main","function":"Function.runMain","line":81,"method":"runMain","native":false},{"column":12,"file":"/home/user/CFPWorkSpace/doctAppication/docApp/node_modules/@babel/node/src/_babel-node.ts","function":null,"line":222,"method":null,"native":false},{"column":14,"file":"node:internal/modules/cjs/loader","function":"Module._compile","line":1198,"method":"_compile","native":false},{"column":10,"file":"node:internal/modules/cjs/loader","function":"Module._extensions..js","line":1252,"method":".js","native":false},{"column":32,"file":"node:internal/modules/cjs/loader","function":"Module.load","line":1076,"method":"load","native":false},{"column":12,"file":"node:internal/modules/cjs/loader","function":"Module._load","line":911,"method":"_load","native":false},{"column":12,"file":"node:internal/modules/run_main","function":"Function.executeUserEntryPoint [as runMain]","line":81,"method":"executeUserEntryPoint [as runMain]","native":false},{"column":47,"file":"node:internal/main/run_main_module","function":null,"line":22,"method":null,"native":false}]}
info: Server started at http://localhost:3000/api/v1/ {"timestamp":"2023-09-13T11:31:36.068Z"}
info: Server started at http://localhost:3000/api/v1/ {"timestamp":"2023-09-13T11:32:06.069Z"}
info: Server started at http://localhost:3000/api/v1/ {"timestamp":"2023-09-13T11:32:07.551Z"}
info: Server started at http://localhost:3000/api/v1/ {"timestamp":"2023-09-13T11:32:29.899Z"}
info: Server started at http://localhost:3000/api/v1/ {"timestamp":"2023-09-13T11:32:46.526Z"}
info: Server started at http://localhost:3000/api/v1/ {"timestamp":"2023-09-13T11:33:15.876Z"}
info: Server started at http://localhost:3000/api/v1/ {"timestamp":"2023-09-13T12:16:04.510Z"}
info: Server started at http://localhost:3000/api/v1/ {"timestamp":"2023-09-13T12:16:22.492Z"}
info: Server started at http://localhost:3000/api/v1/ {"timestamp":"2023-09-13T12:16:28.044Z"}
info: Server started at http://localhost:3000/api/v1/ {"timestamp":"2023-09-14T06:36:24.631Z"}
info: Server started at http://localhost:3000/api/v1/ {"timestamp":"2023-09-14T06:36:40.986Z"}
info: Server started at http://localhost:3000/api/v1/ {"timestamp":"2023-09-14T06:37:18.308Z"}
info: Server started at http://localhost:3000/api/v1/ {"timestamp":"2023-09-14T06:38:32.156Z"}
info: Server started at http://localhost:3000/api/v1/ {"timestamp":"2023-09-14T06:39:56.162Z"}
error: 
    status - 500 
    message - SyntaxError: Unexpected string in JSON at position 35
    at JSON.parse (<anonymous>)
    at parse (/home/user/CFPWorkSpace/doctAppication/docApp/node_modules/body-parser/lib/types/json.js:89:19)
    at /home/user/CFPWorkSpace/doctAppication/docApp/node_modules/body-parser/lib/read.js:128:18
    at AsyncResource.runInAsyncScope (node:async_hooks:203:9)
    at invokeCallback (/home/user/CFPWorkSpace/doctAppication/docApp/node_modules/raw-body/index.js:231:16)
    at done (/home/user/CFPWorkSpace/doctAppication/docApp/node_modules/raw-body/index.js:220:7)
    at IncomingMessage.onEnd (/home/user/CFPWorkSpace/doctAppication/docApp/node_modules/raw-body/index.js:280:7)
    at IncomingMessage.emit (node:events:525:35)
    at IncomingMessage.emit (node:domain:489:12)
    at endReadableNT (node:internal/streams/readable:1358:12)
    at processTicksAndRejections (node:internal/process/task_queues:83:21) 
    url - /api/v1/doctor 
    method - POST 
    IP - ::ffff:127.0.0.1
   {"timestamp":"2023-09-14T06:42:18.825Z"}
info: Server started at http://localhost:3000/api/v1/ {"timestamp":"2023-09-14T06:43:23.556Z"}
info: Server started at http://localhost:3000/api/v1/ {"timestamp":"2023-09-14T06:43:51.880Z"}
info: Server started at http://localhost:3000/api/v1/ {"timestamp":"2023-09-14T06:44:47.559Z"}
info: Server started at http://localhost:3000/api/v1/ {"timestamp":"2023-09-14T06:45:28.351Z"}
info: Server started at http://localhost:3000/api/v1/ {"timestamp":"2023-09-14T06:46:34.079Z"}
info: Server started at http://localhost:3000/api/v1/ {"timestamp":"2023-09-14T06:47:41.209Z"}
info: Server started at http://localhost:3000/api/v1/ {"timestamp":"2023-09-14T06:48:33.236Z"}
info: Server started at http://localhost:3000/api/v1/ {"timestamp":"2023-09-14T06:49:00.087Z"}
info: Server started at http://localhost:3000/api/v1/ {"timestamp":"2023-09-14T06:49:20.378Z"}
info: Server started at http://localhost:3000/api/v1/ {"timestamp":"2023-09-15T14:25:32.106Z"}
info: Server started at http://localhost:3000/api/v1/ {"timestamp":"2023-09-15T14:29:38.756Z"}
info: Server started at http://localhost:3000/api/v1/ {"timestamp":"2023-09-15T14:30:33.342Z"}
info: Server started at http://localhost:3000/api/v1/ {"timestamp":"2023-09-15T14:32:44.169Z"}
info: Server started at http://localhost:3000/api/v1/ {"timestamp":"2023-09-15T14:34:06.549Z"}
info: Server started at http://localhost:3000/api/v1/ {"timestamp":"2023-09-15T14:34:08.498Z"}
info: Server started at http://localhost:3000/api/v1/ {"timestamp":"2023-09-20T07:02:48.038Z"}
info: Server started at http://localhost:3000/api/v1/ {"timestamp":"2023-09-20T07:12:55.515Z"}
info: Server started at http://localhost:3000/api/v1/ {"timestamp":"2023-09-20T07:35:19.259Z"}
info: Server started at http://localhost:3000/api/v1/ {"timestamp":"2023-09-20T07:35:35.575Z"}
info: Server started at http://localhost:3000/api/v1/ {"timestamp":"2023-09-20T07:36:01.793Z"}
info: Server started at http://localhost:3000/api/v1/ {"timestamp":"2023-09-20T07:40:02.522Z"}
info: Server started at http://localhost:3000/api/v1/ {"timestamp":"2023-09-20T07:40:07.205Z"}
info: Server started at http://localhost:3000/api/v1/ {"timestamp":"2023-09-20T08:42:04.062Z"}
info: Server started at http://localhost:3000/api/v1/ {"timestamp":"2023-09-20T08:45:32.267Z"}
info: Server started at http://localhost:3000/api/v1/ {"timestamp":"2023-09-20T09:10:56.299Z"}
info: Server started at http://localhost:3000/api/v1/ {"timestamp":"2023-09-20T10:26:25.081Z"}
info: Server started at http://localhost:3000/api/v1/ {"timestamp":"2023-09-20T10:27:35.691Z"}
info: Server started at http://localhost:3000/api/v1/ {"timestamp":"2023-09-20T10:35:50.488Z"}
info: Server started at http://localhost:3000/api/v1/ {"timestamp":"2023-09-20T10:36:47.922Z"}
info: Server started at http://localhost:3000/api/v1/ {"timestamp":"2023-09-20T10:37:52.096Z"}
info: Server started at http://localhost:3000/api/v1/ {"timestamp":"2023-09-20T10:38:37.491Z"}
info: Server started at http://localhost:3000/api/v1/ {"timestamp":"2023-09-20T10:40:02.970Z"}
info: Server started at http://localhost:3000/api/v1/ {"timestamp":"2023-09-20T10:41:22.766Z"}
info: Server started at http://localhost:3000/api/v1/ {"timestamp":"2023-09-20T10:41:57.565Z"}
info: Server started at http://localhost:3000/api/v1/ {"timestamp":"2023-09-20T10:42:52.737Z"}
info: Server started at http://localhost:3000/api/v1/ {"timestamp":"2023-09-20T10:44:03.979Z"}
info: Server started at http://localhost:3000/api/v1/ {"timestamp":"2023-09-20T10:44:31.621Z"}
info: Server started at http://localhost:3000/api/v1/ {"timestamp":"2023-09-20T10:45:12.772Z"}
info: Server started at http://localhost:3000/api/v1/ {"timestamp":"2023-09-20T10:47:17.320Z"}
info: Server started at http://localhost:3000/api/v1/ {"timestamp":"2023-09-20T10:48:11.576Z"}
info: Server started at http://localhost:3000/api/v1/ {"timestamp":"2023-09-20T10:48:21.359Z"}
info: Server started at http://localhost:3000/api/v1/ {"timestamp":"2023-09-20T10:52:15.043Z"}
info: Server started at http://localhost:3000/api/v1/ {"timestamp":"2023-09-20T10:54:45.636Z"}
info: Server started at http://localhost:3000/api/v1/ {"timestamp":"2023-09-20T10:57:51.675Z"}
info: Server started at http://localhost:3000/api/v1/ {"timestamp":"2023-09-20T10:58:25.458Z"}
info: Server started at http://localhost:3000/api/v1/ {"timestamp":"2023-09-20T10:59:14.600Z"}
info: Server started at http://localhost:3000/api/v1/ {"timestamp":"2023-09-20T10:59:46.960Z"}
info: Server started at http://localhost:3000/api/v1/ {"timestamp":"2023-09-20T10:59:56.960Z"}
info: Server started at http://localhost:3000/api/v1/ {"timestamp":"2023-09-20T11:00:22.999Z"}
info: Server started at http://localhost:3000/api/v1/ {"timestamp":"2023-09-20T11:00:49.453Z"}
info: Server started at http://localhost:3000/api/v1/ {"timestamp":"2023-09-20T11:00:56.921Z"}
info: Server started at http://localhost:3000/api/v1/ {"timestamp":"2023-09-20T11:01:55.587Z"}
info: Server started at http://localhost:3000/api/v1/ {"timestamp":"2023-09-20T11:03:46.095Z"}
info: Server started at http://localhost:3000/api/v1/ {"timestamp":"2023-09-20T11:04:02.275Z"}
info: Server started at http://localhost:3000/api/v1/ {"timestamp":"2023-09-20T11:04:27.316Z"}
info: Server started at http://localhost:3000/api/v1/ {"timestamp":"2023-09-20T11:04:33.041Z"}
info: Server started at http://localhost:3000/api/v1/ {"timestamp":"2023-09-20T11:05:28.468Z"}
info: Server started at http://localhost:3000/api/v1/ {"timestamp":"2023-09-20T11:05:58.110Z"}
info: Server started at http://localhost:3000/api/v1/ {"timestamp":"2023-09-20T11:07:59.755Z"}
info: Server started at http://localhost:3000/api/v1/ {"timestamp":"2023-09-20T11:14:41.375Z"}
info: Server started at http://localhost:3000/api/v1/ {"timestamp":"2023-09-20T11:17:35.729Z"}
info: Server started at http://localhost:3000/api/v1/ {"timestamp":"2023-09-20T11:18:01.364Z"}
info: Server started at http://localhost:3000/api/v1/ {"timestamp":"2023-09-20T11:25:39.155Z"}
info: Server started at http://localhost:3000/api/v1/ {"timestamp":"2023-09-20T12:14:56.072Z"}
info: Server started at http://localhost:3000/api/v1/ {"timestamp":"2023-09-20T12:26:58.490Z"}
info: Server started at http://localhost:3000/api/v1/ {"timestamp":"2023-09-20T12:30:31.087Z"}
info: Server started at http://localhost:3000/api/v1/ {"timestamp":"2023-09-20T12:41:45.635Z"}
info: Server started at http://localhost:3000/api/v1/ {"timestamp":"2023-09-20T12:46:09.083Z"}
info: Server started at http://localhost:3000/api/v1/ {"timestamp":"2023-09-20T12:52:47.112Z"}
info: Server started at http://localhost:3000/api/v1/ {"timestamp":"2023-09-20T12:53:37.105Z"}
info: Server started at http://localhost:3000/api/v1/ {"timestamp":"2023-09-20T12:55:38.395Z"}
info: Server started at http://localhost:3000/api/v1/ {"timestamp":"2023-09-20T12:55:46.024Z"}
info: Server started at http://localhost:3000/api/v1/ {"timestamp":"2023-09-20T12:56:22.924Z"}
info: Server started at http://localhost:3000/api/v1/ {"timestamp":"2023-09-20T12:56:48.493Z"}
info: Server started at http://localhost:3000/api/v1/ {"timestamp":"2023-09-20T12:57:40.837Z"}
info: Server started at http://localhost:3000/api/v1/ {"timestamp":"2023-09-20T12:57:57.124Z"}
info: Server started at http://localhost:3000/api/v1/ {"timestamp":"2023-09-21T05:51:01.314Z"}
info: Server started at http://localhost:3000/api/v1/ {"timestamp":"2023-09-21T05:51:18.117Z"}
info: Server started at http://localhost:3000/api/v1/ {"timestamp":"2023-09-21T05:53:50.303Z"}
info: Server started at http://localhost:3000/api/v1/ {"timestamp":"2023-09-21T05:54:41.493Z"}
info: Server started at http://localhost:3000/api/v1/ {"timestamp":"2023-09-21T05:58:59.042Z"}
info: Server started at http://localhost:3000/api/v1/ {"timestamp":"2023-09-21T05:59:38.545Z"}
info: Server started at http://localhost:3000/api/v1/ {"timestamp":"2023-09-21T05:59:57.170Z"}
info: Server started at http://localhost:3000/api/v1/ {"timestamp":"2023-09-21T06:00:16.597Z"}
info: Server started at http://localhost:3000/api/v1/ {"timestamp":"2023-09-21T06:01:28.535Z"}
info: Server started at http://localhost:3000/api/v1/ {"timestamp":"2023-09-21T06:01:44.177Z"}
info: Server started at http://localhost:3000/api/v1/ {"timestamp":"2023-09-21T06:02:31.196Z"}
info: Server started at http://localhost:3000/api/v1/ {"timestamp":"2023-09-21T06:02:37.823Z"}
error: 
    status - 500 
    message - SyntaxError: Unexpected string in JSON at position 26
    at JSON.parse (<anonymous>)
    at parse (/home/user/CFPWorkSpace/doctAppication/docApp/node_modules/body-parser/lib/types/json.js:89:19)
    at /home/user/CFPWorkSpace/doctAppication/docApp/node_modules/body-parser/lib/read.js:128:18
    at AsyncResource.runInAsyncScope (node:async_hooks:203:9)
    at invokeCallback (/home/user/CFPWorkSpace/doctAppication/docApp/node_modules/raw-body/index.js:231:16)
    at done (/home/user/CFPWorkSpace/doctAppication/docApp/node_modules/raw-body/index.js:220:7)
    at IncomingMessage.onEnd (/home/user/CFPWorkSpace/doctAppication/docApp/node_modules/raw-body/index.js:280:7)
    at IncomingMessage.emit (node:events:525:35)
    at IncomingMessage.emit (node:domain:489:12)
    at endReadableNT (node:internal/streams/readable:1358:12)
    at processTicksAndRejections (node:internal/process/task_queues:83:21) 
    url - /api/v1/hospital/hospitaldoctorsdetails 
    method - POST 
    IP - ::ffff:127.0.0.1
   {"timestamp":"2023-09-21T06:02:40.119Z"}
info: Server started at http://localhost:3000/api/v1/ {"timestamp":"2023-09-21T06:03:09.564Z"}
info: Server started at http://localhost:3000/api/v1/ {"timestamp":"2023-09-21T06:26:08.603Z"}
info: Server started at http://localhost:3000/api/v1/ {"timestamp":"2023-09-21T06:26:50.726Z"}
info: Server started at http://localhost:3000/api/v1/ {"timestamp":"2023-09-21T06:27:36.547Z"}
info: Server started at http://localhost:3000/api/v1/ {"timestamp":"2023-09-21T06:30:11.666Z"}
info: Server started at http://localhost:3000/api/v1/ {"timestamp":"2023-09-21T06:31:19.273Z"}
info: Server started at http://localhost:3000/api/v1/ {"timestamp":"2023-09-21T06:32:22.635Z"}
info: Server started at http://localhost:3000/api/v1/ {"timestamp":"2023-09-21T06:33:00.834Z"}
info: Server started at http://localhost:3000/api/v1/ {"timestamp":"2023-09-21T06:39:59.755Z"}
info: Server started at http://localhost:3000/api/v1/ {"timestamp":"2023-09-21T06:40:18.479Z"}
info: Server started at http://localhost:3000/api/v1/ {"timestamp":"2023-09-21T06:41:28.507Z"}
info: Server started at http://localhost:3000/api/v1/ {"timestamp":"2023-09-21T06:41:56.656Z"}
info: Server started at http://localhost:3000/api/v1/ {"timestamp":"2023-09-21T06:42:10.828Z"}
info: Server started at http://localhost:3000/api/v1/ {"timestamp":"2023-09-21T06:42:27.516Z"}
info: Server started at http://localhost:3000/api/v1/ {"timestamp":"2023-09-21T06:43:02.991Z"}
info: Server started at http://localhost:3000/api/v1/ {"timestamp":"2023-09-21T06:43:22.923Z"}
info: Server started at http://localhost:3000/api/v1/ {"timestamp":"2023-09-21T06:45:07.442Z"}
info: Server started at http://localhost:3000/api/v1/ {"timestamp":"2023-09-21T06:45:36.525Z"}
info: Server started at http://localhost:3000/api/v1/ {"timestamp":"2023-09-21T06:46:21.657Z"}
info: Server started at http://localhost:3000/api/v1/ {"timestamp":"2023-09-21T06:46:38.644Z"}
info: Server started at http://localhost:3000/api/v1/ {"timestamp":"2023-09-21T06:47:16.614Z"}
info: Server started at http://localhost:3000/api/v1/ {"timestamp":"2023-09-21T06:47:30.079Z"}
info: Server started at http://localhost:3000/api/v1/ {"timestamp":"2023-09-21T06:47:40.599Z"}
info: Server started at http://localhost:3000/api/v1/ {"timestamp":"2023-09-21T06:47:55.251Z"}
info: Server started at http://localhost:3000/api/v1/ {"timestamp":"2023-09-21T06:48:28.819Z"}
info: Server started at http://localhost:3000/api/v1/ {"timestamp":"2023-09-21T06:48:55.939Z"}
info: Server started at http://localhost:3000/api/v1/ {"timestamp":"2023-09-21T06:49:29.874Z"}
info: Server started at http://localhost:3000/api/v1/ {"timestamp":"2023-09-21T06:50:05.659Z"}
info: Server started at http://localhost:3000/api/v1/ {"timestamp":"2023-09-21T06:59:31.016Z"}
info: Server started at http://localhost:3000/api/v1/ {"timestamp":"2023-09-21T07:06:35.764Z"}
info: Server started at http://localhost:3000/api/v1/ {"timestamp":"2023-09-21T07:08:41.192Z"}
info: Server started at http://localhost:3000/api/v1/ {"timestamp":"2023-09-21T07:09:27.586Z"}
info: Server started at http://localhost:3000/api/v1/ {"timestamp":"2023-09-21T07:34:17.665Z"}
error: 
    status - 500 
    message - SyntaxError: Unexpected token d in JSON at position 19
    at JSON.parse (<anonymous>)
    at parse (/home/user/CFPWorkSpace/doctAppication/docApp/node_modules/body-parser/lib/types/json.js:89:19)
    at /home/user/CFPWorkSpace/doctAppication/docApp/node_modules/body-parser/lib/read.js:128:18
    at AsyncResource.runInAsyncScope (node:async_hooks:203:9)
    at invokeCallback (/home/user/CFPWorkSpace/doctAppication/docApp/node_modules/raw-body/index.js:231:16)
    at done (/home/user/CFPWorkSpace/doctAppication/docApp/node_modules/raw-body/index.js:220:7)
    at IncomingMessage.onEnd (/home/user/CFPWorkSpace/doctAppication/docApp/node_modules/raw-body/index.js:280:7)
    at IncomingMessage.emit (node:events:525:35)
    at IncomingMessage.emit (node:domain:489:12)
    at endReadableNT (node:internal/streams/readable:1358:12)
    at processTicksAndRejections (node:internal/process/task_queues:83:21) 
    url - /api/v1/hospital/hospitaldoctorsdetails 
    method - POST 
    IP - ::ffff:127.0.0.1
   {"timestamp":"2023-09-21T07:43:19.379Z"}
info: Server started at http://localhost:3000/api/v1/ {"timestamp":"2023-09-21T07:51:09.237Z"}
info: Server started at http://localhost:3000/api/v1/ {"timestamp":"2023-09-21T07:56:23.897Z"}
info: Server started at http://localhost:3000/api/v1/ {"timestamp":"2023-09-21T08:06:25.729Z"}
info: Server started at http://localhost:3000/api/v1/ {"timestamp":"2023-09-21T08:06:27.712Z"}
info: Server started at http://localhost:3000/api/v1/ {"timestamp":"2023-09-21T08:06:55.700Z"}
info: Server started at http://localhost:3000/api/v1/ {"timestamp":"2023-09-21T08:07:31.164Z"}
info: Server started at http://localhost:3000/api/v1/ {"timestamp":"2023-09-21T08:07:37.047Z"}
info: Server started at http://localhost:3000/api/v1/ {"timestamp":"2023-09-21T08:09:57.778Z"}
info: Server started at http://localhost:3000/api/v1/ {"timestamp":"2023-09-21T08:10:18.945Z"}
info: Server started at http://localhost:3000/api/v1/ {"timestamp":"2023-09-21T08:10:27.771Z"}
info: Server started at http://localhost:3000/api/v1/ {"timestamp":"2023-09-21T08:15:20.532Z"}
info: Server started at http://localhost:3000/api/v1/ {"timestamp":"2023-09-21T08:16:59.298Z"}
info: Server started at http://localhost:3000/api/v1/ {"timestamp":"2023-09-21T08:19:20.563Z"}
info: Server started at http://localhost:3000/api/v1/ {"timestamp":"2023-09-21T08:19:22.261Z"}
info: Server started at http://localhost:3000/api/v1/ {"timestamp":"2023-09-21T08:23:19.648Z"}
info: Server started at http://localhost:3000/api/v1/ {"timestamp":"2023-09-21T08:23:21.170Z"}
info: Server started at http://localhost:3000/api/v1/ {"timestamp":"2023-09-21T08:23:35.793Z"}
info: Server started at http://localhost:3000/api/v1/ {"timestamp":"2023-09-21T08:23:37.206Z"}
info: Server started at http://localhost:3000/api/v1/ {"timestamp":"2023-09-21T08:23:38.694Z"}
info: Server started at http://localhost:3000/api/v1/ {"timestamp":"2023-09-21T08:24:00.029Z"}
info: Server started at http://localhost:3000/api/v1/ {"timestamp":"2023-09-21T08:24:02.895Z"}
info: Server started at http://localhost:3000/api/v1/ {"timestamp":"2023-09-21T08:24:04.300Z"}
info: Server started at http://localhost:3000/api/v1/ {"timestamp":"2023-09-21T08:24:25.910Z"}
info: Server started at http://localhost:3000/api/v1/ {"timestamp":"2023-09-21T08:24:27.291Z"}
info: Server started at http://localhost:3000/api/v1/ {"timestamp":"2023-09-21T08:24:37.309Z"}
info: Server started at http://localhost:3000/api/v1/ {"timestamp":"2023-09-21T08:24:38.890Z"}
info: Server started at http://localhost:3000/api/v1/ {"timestamp":"2023-09-23T07:40:48.267Z"}
info: Server started at http://localhost:3000/api/v1/ {"timestamp":"2023-09-23T07:42:19.079Z"}
info: Server started at http://localhost:3000/api/v1/ {"timestamp":"2023-09-23T07:43:04.652Z"}
info: Server started at http://localhost:3000/api/v1/ {"timestamp":"2023-09-23T07:44:27.885Z"}
info: Server started at http://localhost:3000/api/v1/ {"timestamp":"2023-09-23T07:44:47.951Z"}
info: Server started at http://localhost:3000/api/v1/ {"timestamp":"2023-09-23T07:45:28.090Z"}
info: Server started at http://localhost:3000/api/v1/ {"timestamp":"2023-09-23T07:45:36.732Z"}
info: Server started at http://localhost:3000/api/v1/ {"timestamp":"2023-09-23T07:45:47.999Z"}
info: Server started at http://localhost:3000/api/v1/ {"timestamp":"2023-09-23T07:45:53.799Z"}
info: Server started at http://localhost:3000/api/v1/ {"timestamp":"2023-09-23T07:46:02.668Z"}
info: Server started at http://localhost:3000/api/v1/ {"timestamp":"2023-09-23T07:46:33.556Z"}
info: Server started at http://localhost:3000/api/v1/ {"timestamp":"2023-09-23T07:46:54.192Z"}
info: Server started at http://localhost:3000/api/v1/ {"timestamp":"2023-09-23T08:24:38.789Z"}
info: Server started at http://localhost:3000/api/v1/ {"timestamp":"2023-09-23T08:26:47.144Z"}
info: Server started at http://localhost:3000/api/v1/ {"timestamp":"2023-09-23T08:26:51.638Z"}
info: Server started at http://localhost:3000/api/v1/ {"timestamp":"2023-09-23T08:29:32.382Z"}
